{
    "meta": {
        "format": 2,
        "version": "7.5.0",
        "timestamp": "2024-04-28T15:38:25.463586",
        "branch_coverage": false,
        "show_contexts": false
    },
    "files": {
        "run_ble_tester.py": {
            "executed_lines": [
                153,
                154,
                155,
                156,
                159,
                164,
                165,
                166,
                167,
                168,
                169,
                170,
                171,
                173,
                174,
                175,
                176,
                178,
                179,
                181,
                182,
                184,
                185,
                186,
                187,
                188,
                189,
                190,
                191,
                192,
                194,
                195,
                196,
                197,
                198,
                199,
                201,
                202,
                203,
                204,
                205,
                206,
                208,
                209,
                211,
                212,
                213,
                215,
                216,
                217,
                224,
                235,
                236,
                237,
                238,
                239,
                240,
                241,
                242,
                245,
                247,
                249,
                251,
                252,
                253,
                254,
                255,
                256,
                257,
                258,
                260,
                262,
                264,
                265,
                268,
                269,
                270,
                271,
                272,
                273,
                274,
                275,
                276,
                277,
                278,
                279,
                280,
                281,
                282,
                283,
                284,
                285,
                286,
                287,
                288,
                289,
                290,
                291,
                292,
                293,
                294,
                295,
                296,
                297,
                298,
                299,
                300,
                301,
                302,
                303,
                304,
                305,
                306,
                307,
                308,
                309,
                310,
                311,
                312,
                313,
                314,
                315,
                316,
                317,
                320,
                321,
                322,
                323,
                324,
                325,
                326,
                328,
                342,
                351,
                352,
                353,
                354,
                355,
                356,
                357,
                363,
                364,
                365,
                366,
                367,
                375,
                380,
                381,
                382,
                383,
                385,
                386,
                390,
                391,
                392,
                393,
                395,
                396,
                398,
                400,
                401,
                402,
                403,
                405,
                406,
                408,
                409,
                411
            ],
            "summary": {
                "covered_lines": 168,
                "num_statements": 241,
                "percent_covered": 69.70954356846472,
                "percent_covered_display": "70",
                "missing_lines": 73,
                "excluded_lines": 0
            },
            "missing_lines": [
                1,
                2,
                3,
                4,
                5,
                6,
                7,
                8,
                9,
                10,
                11,
                12,
                13,
                14,
                16,
                17,
                18,
                19,
                20,
                21,
                22,
                23,
                24,
                26,
                27,
                28,
                29,
                30,
                151,
                160,
                161,
                162,
                218,
                219,
                220,
                221,
                222,
                223,
                225,
                226,
                227,
                228,
                229,
                243,
                266,
                318,
                330,
                331,
                332,
                335,
                337,
                338,
                339,
                340,
                343,
                344,
                345,
                347,
                350,
                358,
                359,
                362,
                368,
                369,
                370,
                371,
                373,
                376,
                377,
                378,
                413,
                415,
                416
            ],
            "excluded_lines": []
        }
    },
    "totals": {
        "covered_lines": 168,
        "num_statements": 241,
        "percent_covered": 69.70954356846472,
        "percent_covered_display": "70",
        "missing_lines": 73,
        "excluded_lines": 0
    }
}