{
    "meta": {
        "format": 2,
        "version": "7.5.0",
        "timestamp": "2024-04-28T16:17:41.213509",
        "branch_coverage": false,
        "show_contexts": false
    },
    "files": {
        "run_ble_tester.py": {
            "executed_lines": [
                154,
                155,
                156,
                157,
                160,
                165,
                166,
                167,
                168,
                169,
                170,
                171,
                172,
                174,
                175,
                176,
                177,
                179,
                180,
                182,
                183,
                185,
                186,
                187,
                188,
                189,
                190,
                191,
                192,
                193,
                195,
                196,
                197,
                198,
                199,
                200,
                202,
                203,
                204,
                205,
                206,
                207,
                209,
                210,
                212,
                213,
                214,
                216,
                217,
                218,
                225,
                236,
                237,
                238,
                239,
                240,
                241,
                242,
                243,
                246,
                248,
                250,
                252,
                253,
                254,
                255,
                256,
                257,
                258,
                259,
                261,
                263,
                265,
                266,
                269,
                270,
                271,
                279,
                285,
                286,
                287,
                288,
                289,
                290,
                291,
                292,
                293,
                294,
                295,
                296,
                297,
                298,
                299,
                302,
                303,
                304,
                305,
                306,
                310,
                314,
                315,
                316,
                317,
                318,
                319,
                322,
                323,
                324,
                325,
                326,
                327,
                329,
                343,
                353,
                354,
                355,
                356,
                357,
                358,
                359,
                365,
                366,
                367,
                368,
                369,
                377,
                382,
                383,
                384,
                385,
                387,
                388,
                392,
                393,
                394,
                395,
                397,
                398,
                400,
                402,
                403,
                404,
                405,
                407,
                408,
                410,
                411,
                413
            ],
            "summary": {
                "covered_lines": 148,
                "num_statements": 243,
                "percent_covered": 60.90534979423868,
                "percent_covered_display": "61",
                "missing_lines": 95,
                "excluded_lines": 0
            },
            "missing_lines": [
                1,
                2,
                3,
                4,
                5,
                6,
                7,
                8,
                9,
                10,
                11,
                12,
                13,
                14,
                16,
                17,
                18,
                19,
                20,
                21,
                22,
                23,
                24,
                26,
                27,
                28,
                29,
                30,
                31,
                152,
                161,
                162,
                163,
                219,
                220,
                221,
                222,
                223,
                224,
                226,
                227,
                228,
                229,
                230,
                244,
                267,
                272,
                273,
                274,
                275,
                276,
                277,
                278,
                280,
                281,
                282,
                283,
                284,
                300,
                301,
                307,
                308,
                309,
                311,
                312,
                313,
                321,
                331,
                332,
                333,
                336,
                338,
                339,
                340,
                341,
                344,
                345,
                346,
                347,
                349,
                352,
                360,
                361,
                364,
                370,
                371,
                372,
                373,
                375,
                378,
                379,
                380,
                415,
                417,
                418
            ],
            "excluded_lines": []
        }
    },
    "totals": {
        "covered_lines": 148,
        "num_statements": 243,
        "percent_covered": 60.90534979423868,
        "percent_covered_display": "61",
        "missing_lines": 95,
        "excluded_lines": 0
    }
}